2026-01-29T01:06:54+00:00 INFO Array
(
    [Webhook Delivery] => Array
        (
            [Delivery ID] => 73a774cb98094b21af948aa19cf0654f
            [Date] => Th1 29, 2026 @ 1:06
            [URL] => https://pos.pages.fm/api/v1/woocommerce/update
            [Duration] => 1.11505
            [Request] => Array
                (
                    [Method] => POST
                    [Headers] => Array
                        (
                            [User-Agent] => WooCommerce/10.0.5 Hookshot (WordPress/6.9)
                            [Content-Type] => application/json
                            [X-WC-Webhook-Source] => https://givehada.cloud/
                            [X-WC-Webhook-Topic] => order.updated
                            [X-WC-Webhook-Resource] => order
                            [X-WC-Webhook-Event] => updated
                            [X-WC-Webhook-Signature] => m+OG1DtgyGcBw7CHg4pUEtOC2oeX+biWhkPuBYqZXxU=
                            [X-WC-Webhook-ID] => 2
                            [X-WC-Webhook-Delivery-ID] => 73a774cb98094b21af948aa19cf0654f
                        )

                )

            [Body] => Webhook body is not logged unless WP_DEBUG mode is turned on. This is to avoid the storing of personal data in the logs.
            [Response] => Array
                (
                    [Code] => 200
                    [Message] => OK
                    [Headers] => WpOrg\Requests\Utility\CaseInsensitiveDictionary Object
                        (
                            [data:protected] => Array
                                (
                                    [server] => nginx/1.18.0
                                    [date] => Thu, 29 Jan 2026 01:06:54 GMT
                                    [content-type] => application/json; charset=utf-8
                                    [content-length] => 16
                                    [access-control-allow-credentials] => true
                                    [access-control-allow-origin] => *
                                    [access-control-expose-headers] => 
                                    [cache-control] => max-age=0, private, must-revalidate
                                    [x-request-id] => GI8OOIw7IJKdIbMCzgIM
                                    [x-frame-options] => SAMEORIGIN
                                )

                        )

                    [Body] => Webhook body is not logged unless WP_DEBUG mode is turned on. This is to avoid the storing of personal data in the logs.
                )

        )

)
2026-01-29T01:08:29+00:00 INFO Array
(
    [Webhook Delivery] => Array
        (
            [Delivery ID] => 2a909f9b9f1163e04347a895021fbb1c
            [Date] => Th1 29, 2026 @ 1:08
            [URL] => https://pos.pages.fm/api/v1/woocommerce/update
            [Duration] => 0.72087
            [Request] => Array
                (
                    [Method] => POST
                    [Headers] => Array
                        (
                            [User-Agent] => WooCommerce/10.0.5 Hookshot (WordPress/6.9)
                            [Content-Type] => application/json
                            [X-WC-Webhook-Source] => https://givehada.cloud/
                            [X-WC-Webhook-Topic] => order.updated
                            [X-WC-Webhook-Resource] => order
                            [X-WC-Webhook-Event] => updated
                            [X-WC-Webhook-Signature] => hd5Ozy0rP+eSU8q6vYTDInYMu7+pc5oE3ILtK15Tw5Y=
                            [X-WC-Webhook-ID] => 2
                            [X-WC-Webhook-Delivery-ID] => 2a909f9b9f1163e04347a895021fbb1c
                        )

                )

            [Body] => Webhook body is not logged unless WP_DEBUG mode is turned on. This is to avoid the storing of personal data in the logs.
            [Response] => Array
                (
                    [Code] => 200
                    [Message] => OK
                    [Headers] => WpOrg\Requests\Utility\CaseInsensitiveDictionary Object
                        (
                            [data:protected] => Array
                                (
                                    [server] => nginx/1.18.0
                                    [date] => Thu, 29 Jan 2026 01:08:29 GMT
                                    [content-type] => application/json; charset=utf-8
                                    [content-length] => 16
                                    [access-control-allow-credentials] => true
                                    [access-control-allow-origin] => *
                                    [access-control-expose-headers] => 
                                    [cache-control] => max-age=0, private, must-revalidate
                                    [x-request-id] => GI8OTrQa-Jrpnh8Gws0G
                                    [x-frame-options] => SAMEORIGIN
                                )

                        )

                    [Body] => Webhook body is not logged unless WP_DEBUG mode is turned on. This is to avoid the storing of personal data in the logs.
                )

        )

)
2026-01-29T01:13:31+00:00 INFO Array
(
    [Webhook Delivery] => Array
        (
            [Delivery ID] => 77370dc18ae7c53b64e271798382649d
            [Date] => Th1 29, 2026 @ 1:13
            [URL] => https://pos.pages.fm/api/v1/woocommerce/update
            [Duration] => 22.06968
            [Request] => Array
                (
                    [Method] => POST
                    [Headers] => Array
                        (
                            [User-Agent] => WooCommerce/10.0.5 Hookshot (WordPress/6.9)
                            [Content-Type] => application/json
                            [X-WC-Webhook-Source] => https://givehada.cloud/
                            [X-WC-Webhook-Topic] => order.updated
                            [X-WC-Webhook-Resource] => order
                            [X-WC-Webhook-Event] => updated
                            [X-WC-Webhook-Signature] => cQGiRpfADgHC9PnqebTY5HH4xQYWWWiYL/fUfUzmNaM=
                            [X-WC-Webhook-ID] => 2
                            [X-WC-Webhook-Delivery-ID] => 77370dc18ae7c53b64e271798382649d
                        )

                )

            [Body] => Webhook body is not logged unless WP_DEBUG mode is turned on. This is to avoid the storing of personal data in the logs.
            [Response] => Array
                (
                    [Code] => http_request_failed
                    [Message] => cURL error 28: Resolving timed out after 10002 milliseconds
                    [Headers] => Array
                        (
                        )

                    [Body] => Webhook body is not logged unless WP_DEBUG mode is turned on. This is to avoid the storing of personal data in the logs.
                )

        )

)
2026-01-29T01:15:58+00:00 INFO Array
(
    [Webhook Delivery] => Array
        (
            [Delivery ID] => b7f67822caba7ec831b0487467c10a04
            [Date] => Th1 29, 2026 @ 1:15
            [URL] => https://pos.pages.fm/api/v1/woocommerce/update
            [Duration] => 5.88124
            [Request] => Array
                (
                    [Method] => POST
                    [Headers] => Array
                        (
                            [User-Agent] => WooCommerce/10.0.5 Hookshot (WordPress/6.9)
                            [Content-Type] => application/json
                            [X-WC-Webhook-Source] => https://givehada.cloud/
                            [X-WC-Webhook-Topic] => order.updated
                            [X-WC-Webhook-Resource] => order
                            [X-WC-Webhook-Event] => updated
                            [X-WC-Webhook-Signature] => MyEKGDaeKobRZKY74NFH8Tn3k0+PKXMfIIje7EGCP7Q=
                            [X-WC-Webhook-ID] => 2
                            [X-WC-Webhook-Delivery-ID] => b7f67822caba7ec831b0487467c10a04
                        )

                )

            [Body] => Webhook body is not logged unless WP_DEBUG mode is turned on. This is to avoid the storing of personal data in the logs.
            [Response] => Array
                (
                    [Code] => 200
                    [Message] => OK
                    [Headers] => WpOrg\Requests\Utility\CaseInsensitiveDictionary Object
                        (
                            [data:protected] => Array
                                (
                                    [server] => nginx/1.18.0
                                    [date] => Thu, 29 Jan 2026 01:15:58 GMT
                                    [content-type] => application/json; charset=utf-8
                                    [content-length] => 16
                                    [access-control-allow-credentials] => true
                                    [access-control-allow-origin] => *
                                    [access-control-expose-headers] => 
                                    [cache-control] => max-age=0, private, must-revalidate
                                    [x-request-id] => GI8OtyjuZMXcIQIH6crC
                                    [x-frame-options] => SAMEORIGIN
                                )

                        )

                    [Body] => Webhook body is not logged unless WP_DEBUG mode is turned on. This is to avoid the storing of personal data in the logs.
                )

        )

)
2026-01-29T01:17:01+00:00 INFO Array
(
    [Webhook Delivery] => Array
        (
            [Delivery ID] => 77c43e67b90fe5cdfaa8355519600b12
            [Date] => Th1 29, 2026 @ 1:17
            [URL] => https://pos.pages.fm/api/v1/woocommerce/update
            [Duration] => 6.29335
            [Request] => Array
                (
                    [Method] => POST
                    [Headers] => Array
                        (
                            [User-Agent] => WooCommerce/10.0.5 Hookshot (WordPress/6.9)
                            [Content-Type] => application/json
                            [X-WC-Webhook-Source] => https://givehada.cloud/
                            [X-WC-Webhook-Topic] => order.updated
                            [X-WC-Webhook-Resource] => order
                            [X-WC-Webhook-Event] => updated
                            [X-WC-Webhook-Signature] => n3CplSdLz4xHERUL4UmJCqAY0w/VYblYMvZbdZCv3d0=
                            [X-WC-Webhook-ID] => 2
                            [X-WC-Webhook-Delivery-ID] => 77c43e67b90fe5cdfaa8355519600b12
                        )

                )

            [Body] => Webhook body is not logged unless WP_DEBUG mode is turned on. This is to avoid the storing of personal data in the logs.
            [Response] => Array
                (
                    [Code] => 200
                    [Message] => OK
                    [Headers] => WpOrg\Requests\Utility\CaseInsensitiveDictionary Object
                        (
                            [data:protected] => Array
                                (
                                    [server] => nginx/1.18.0
                                    [date] => Thu, 29 Jan 2026 01:17:01 GMT
                                    [content-type] => application/json; charset=utf-8
                                    [content-length] => 16
                                    [access-control-allow-credentials] => true
                                    [access-control-allow-origin] => *
                                    [access-control-expose-headers] => 
                                    [cache-control] => max-age=0, private, must-revalidate
                                    [x-request-id] => GI8OxccFRfcXte8EsTiJ
                                    [x-frame-options] => SAMEORIGIN
                                )

                        )

                    [Body] => Webhook body is not logged unless WP_DEBUG mode is turned on. This is to avoid the storing of personal data in the logs.
                )

        )

)
2026-01-29T01:17:57+00:00 INFO Array
(
    [Webhook Delivery] => Array
        (
            [Delivery ID] => 4f453d0f10f7cd216d433262a9aeebe7
            [Date] => Th1 29, 2026 @ 1:17
            [URL] => https://pos.pages.fm/api/v1/woocommerce/update
            [Duration] => 0.61249
            [Request] => Array
                (
                    [Method] => POST
                    [Headers] => Array
                        (
                            [User-Agent] => WooCommerce/10.0.5 Hookshot (WordPress/6.9)
                            [Content-Type] => application/json
                            [X-WC-Webhook-Source] => https://givehada.cloud/
                            [X-WC-Webhook-Topic] => order.updated
                            [X-WC-Webhook-Resource] => order
                            [X-WC-Webhook-Event] => updated
                            [X-WC-Webhook-Signature] => mPcIceOlLU/eybBPrxaCcAFbJO5OGrSXAo5gMHu4akE=
                            [X-WC-Webhook-ID] => 2
                            [X-WC-Webhook-Delivery-ID] => 4f453d0f10f7cd216d433262a9aeebe7
                        )

                )

            [Body] => Webhook body is not logged unless WP_DEBUG mode is turned on. This is to avoid the storing of personal data in the logs.
            [Response] => Array
                (
                    [Code] => 200
                    [Message] => OK
                    [Headers] => WpOrg\Requests\Utility\CaseInsensitiveDictionary Object
                        (
                            [data:protected] => Array
                                (
                                    [server] => nginx/1.18.0
                                    [date] => Thu, 29 Jan 2026 01:17:57 GMT
                                    [content-type] => application/json; charset=utf-8
                                    [content-length] => 16
                                    [access-control-allow-credentials] => true
                                    [access-control-allow-origin] => *
                                    [access-control-expose-headers] => 
                                    [cache-control] => max-age=0, private, must-revalidate
                                    [x-request-id] => GI8O0uPkXVHuJO0GIbNH
                                    [x-frame-options] => SAMEORIGIN
                                )

                        )

                    [Body] => Webhook body is not logged unless WP_DEBUG mode is turned on. This is to avoid the storing of personal data in the logs.
                )

        )

)
2026-01-29T01:17:57+00:00 INFO Array
(
    [Webhook Delivery] => Array
        (
            [Delivery ID] => 4f453d0f10f7cd216d433262a9aeebe7
            [Date] => Th1 29, 2026 @ 1:17
            [URL] => https://pos.pages.fm/api/v1/woocommerce/update
            [Duration] => 0.3079
            [Request] => Array
                (
                    [Method] => POST
                    [Headers] => Array
                        (
                            [User-Agent] => WooCommerce/10.0.5 Hookshot (WordPress/6.9)
                            [Content-Type] => application/json
                            [X-WC-Webhook-Source] => https://givehada.cloud/
                            [X-WC-Webhook-Topic] => order.updated
                            [X-WC-Webhook-Resource] => order
                            [X-WC-Webhook-Event] => updated
                            [X-WC-Webhook-Signature] => YSp/oZGLE1wXIgh5GMuVnXIvYz9gpXUwicn8fDtN8+0=
                            [X-WC-Webhook-ID] => 2
                            [X-WC-Webhook-Delivery-ID] => 4f453d0f10f7cd216d433262a9aeebe7
                        )

                )

            [Body] => Webhook body is not logged unless WP_DEBUG mode is turned on. This is to avoid the storing of personal data in the logs.
            [Response] => Array
                (
                    [Code] => 200
                    [Message] => OK
                    [Headers] => WpOrg\Requests\Utility\CaseInsensitiveDictionary Object
                        (
                            [data:protected] => Array
                                (
                                    [server] => nginx/1.18.0
                                    [date] => Thu, 29 Jan 2026 01:17:57 GMT
                                    [content-type] => application/json; charset=utf-8
                                    [content-length] => 16
                                    [access-control-allow-credentials] => true
                                    [access-control-allow-origin] => *
                                    [access-control-expose-headers] => 
                                    [cache-control] => max-age=0, private, must-revalidate
                                    [x-request-id] => GI8O0vd8xXw8odwGn5yF
                                    [x-frame-options] => SAMEORIGIN
                                )

                        )

                    [Body] => Webhook body is not logged unless WP_DEBUG mode is turned on. This is to avoid the storing of personal data in the logs.
                )

        )

)
2026-01-29T01:17:58+00:00 INFO Array
(
    [Webhook Delivery] => Array
        (
            [Delivery ID] => 283d7e226820a64f0ddbfdd2a6b68680
            [Date] => Th1 29, 2026 @ 1:17
            [URL] => https://pos.pages.fm/api/v1/woocommerce/update
            [Duration] => 0.31118
            [Request] => Array
                (
                    [Method] => POST
                    [Headers] => Array
                        (
                            [User-Agent] => WooCommerce/10.0.5 Hookshot (WordPress/6.9)
                            [Content-Type] => application/json
                            [X-WC-Webhook-Source] => https://givehada.cloud/
                            [X-WC-Webhook-Topic] => order.updated
                            [X-WC-Webhook-Resource] => order
                            [X-WC-Webhook-Event] => updated
                            [X-WC-Webhook-Signature] => Hb/IsIHk1gYGdDqJVu74Ratyyuo+uu3b569RCgJqoKE=
                            [X-WC-Webhook-ID] => 2
                            [X-WC-Webhook-Delivery-ID] => 283d7e226820a64f0ddbfdd2a6b68680
                        )

                )

            [Body] => Webhook body is not logged unless WP_DEBUG mode is turned on. This is to avoid the storing of personal data in the logs.
            [Response] => Array
                (
                    [Code] => 200
                    [Message] => OK
                    [Headers] => WpOrg\Requests\Utility\CaseInsensitiveDictionary Object
                        (
                            [data:protected] => Array
                                (
                                    [server] => nginx/1.18.0
                                    [date] => Thu, 29 Jan 2026 01:17:58 GMT
                                    [content-type] => application/json; charset=utf-8
                                    [content-length] => 16
                                    [access-control-allow-credentials] => true
                                    [access-control-allow-origin] => *
                                    [access-control-expose-headers] => 
                                    [cache-control] => max-age=0, private, must-revalidate
                                    [x-request-id] => GI8O0yTcmpLH7TkHWZQE
                                    [x-frame-options] => SAMEORIGIN
                                )

                        )

                    [Body] => Webhook body is not logged unless WP_DEBUG mode is turned on. This is to avoid the storing of personal data in the logs.
                )

        )

)
2026-01-29T01:19:11+00:00 INFO Array
(
    [Webhook Delivery] => Array
        (
            [Delivery ID] => ff5fbf5696deb442c7d74fb8aba9f1dc
            [Date] => Th1 29, 2026 @ 1:19
            [URL] => https://pos.pages.fm/api/v1/woocommerce/update
            [Duration] => 7.07076
            [Request] => Array
                (
                    [Method] => POST
                    [Headers] => Array
                        (
                            [User-Agent] => WooCommerce/10.0.5 Hookshot (WordPress/6.9)
                            [Content-Type] => application/json
                            [X-WC-Webhook-Source] => https://givehada.cloud/
                            [X-WC-Webhook-Topic] => order.updated
                            [X-WC-Webhook-Resource] => order
                            [X-WC-Webhook-Event] => updated
                            [X-WC-Webhook-Signature] => eHrhvG887cbyTcwHy/RaVXCO1z5lEyFFYfJTKDiPh9M=
                            [X-WC-Webhook-ID] => 2
                            [X-WC-Webhook-Delivery-ID] => ff5fbf5696deb442c7d74fb8aba9f1dc
                        )

                )

            [Body] => Webhook body is not logged unless WP_DEBUG mode is turned on. This is to avoid the storing of personal data in the logs.
            [Response] => Array
                (
                    [Code] => 200
                    [Message] => OK
                    [Headers] => WpOrg\Requests\Utility\CaseInsensitiveDictionary Object
                        (
                            [data:protected] => Array
                                (
                                    [server] => nginx/1.18.0
                                    [date] => Thu, 29 Jan 2026 01:19:11 GMT
                                    [content-type] => application/json; charset=utf-8
                                    [content-length] => 16
                                    [access-control-allow-credentials] => true
                                    [access-control-allow-origin] => *
                                    [access-control-expose-headers] => 
                                    [cache-control] => max-age=0, private, must-revalidate
                                    [x-request-id] => GI8O5DD2VDDsZEMDK1HG
                                    [x-frame-options] => SAMEORIGIN
                                )

                        )

                    [Body] => Webhook body is not logged unless WP_DEBUG mode is turned on. This is to avoid the storing of personal data in the logs.
                )

        )

)
2026-01-29T01:20:16+00:00 INFO Array
(
    [Webhook Delivery] => Array
        (
            [Delivery ID] => 4903232b54ea6fa407a6086c66defcbb
            [Date] => Th1 29, 2026 @ 1:20
            [URL] => https://pos.pages.fm/api/v1/woocommerce/update
            [Duration] => 2.52393
            [Request] => Array
                (
                    [Method] => POST
                    [Headers] => Array
                        (
                            [User-Agent] => WooCommerce/10.0.5 Hookshot (WordPress/6.9)
                            [Content-Type] => application/json
                            [X-WC-Webhook-Source] => https://givehada.cloud/
                            [X-WC-Webhook-Topic] => order.updated
                            [X-WC-Webhook-Resource] => order
                            [X-WC-Webhook-Event] => updated
                            [X-WC-Webhook-Signature] => +rMHaf4G2gCMC6IGos19hPYT93+QWdSMzSP4aPFuVrY=
                            [X-WC-Webhook-ID] => 2
                            [X-WC-Webhook-Delivery-ID] => 4903232b54ea6fa407a6086c66defcbb
                        )

                )

            [Body] => Webhook body is not logged unless WP_DEBUG mode is turned on. This is to avoid the storing of personal data in the logs.
            [Response] => Array
                (
                    [Code] => 200
                    [Message] => OK
                    [Headers] => WpOrg\Requests\Utility\CaseInsensitiveDictionary Object
                        (
                            [data:protected] => Array
                                (
                                    [server] => nginx/1.18.0
                                    [date] => Thu, 29 Jan 2026 01:20:15 GMT
                                    [content-type] => application/json; charset=utf-8
                                    [content-length] => 16
                                    [access-control-allow-credentials] => true
                                    [access-control-allow-origin] => *
                                    [access-control-expose-headers] => 
                                    [cache-control] => max-age=0, private, must-revalidate
                                    [x-request-id] => GI8O8yK4RqUAu6oGwp9G
                                    [x-frame-options] => SAMEORIGIN
                                )

                        )

                    [Body] => Webhook body is not logged unless WP_DEBUG mode is turned on. This is to avoid the storing of personal data in the logs.
                )

        )

)
2026-01-29T01:20:17+00:00 INFO Array
(
    [Webhook Delivery] => Array
        (
            [Delivery ID] => 109dafbc2795ac4e744aad3f73822dba
            [Date] => Th1 29, 2026 @ 1:20
            [URL] => https://pos.pages.fm/api/v1/woocommerce/update
            [Duration] => 1.40195
            [Request] => Array
                (
                    [Method] => POST
                    [Headers] => Array
                        (
                            [User-Agent] => WooCommerce/10.0.5 Hookshot (WordPress/6.9)
                            [Content-Type] => application/json
                            [X-WC-Webhook-Source] => https://givehada.cloud/
                            [X-WC-Webhook-Topic] => order.updated
                            [X-WC-Webhook-Resource] => order
                            [X-WC-Webhook-Event] => updated
                            [X-WC-Webhook-Signature] => SUWapNWdMW+9tYKjD1VuTYCOJrOkZ45hfi+qJY7y9pw=
                            [X-WC-Webhook-ID] => 2
                            [X-WC-Webhook-Delivery-ID] => 109dafbc2795ac4e744aad3f73822dba
                        )

                )

            [Body] => Webhook body is not logged unless WP_DEBUG mode is turned on. This is to avoid the storing of personal data in the logs.
            [Response] => Array
                (
                    [Code] => 200
                    [Message] => OK
                    [Headers] => WpOrg\Requests\Utility\CaseInsensitiveDictionary Object
                        (
                            [data:protected] => Array
                                (
                                    [server] => nginx/1.18.0
                                    [date] => Thu, 29 Jan 2026 01:20:17 GMT
                                    [content-type] => application/json; charset=utf-8
                                    [content-length] => 16
                                    [access-control-allow-credentials] => true
                                    [access-control-allow-origin] => *
                                    [access-control-expose-headers] => 
                                    [cache-control] => max-age=0, private, must-revalidate
                                    [x-request-id] => GI8O8481c-fT8-8H7gPC
                                    [x-frame-options] => SAMEORIGIN
                                )

                        )

                    [Body] => Webhook body is not logged unless WP_DEBUG mode is turned on. This is to avoid the storing of personal data in the logs.
                )

        )

)
2026-01-29T01:20:24+00:00 INFO Array
(
    [Webhook Delivery] => Array
        (
            [Delivery ID] => 714356de31fbe55ce8808ab3179002ab
            [Date] => Th1 29, 2026 @ 1:20
            [URL] => https://pos.pages.fm/api/v1/woocommerce/update
            [Duration] => 5.56523
            [Request] => Array
                (
                    [Method] => POST
                    [Headers] => Array
                        (
                            [User-Agent] => WooCommerce/10.0.5 Hookshot (WordPress/6.9)
                            [Content-Type] => application/json
                            [X-WC-Webhook-Source] => https://givehada.cloud/
                            [X-WC-Webhook-Topic] => order.updated
                            [X-WC-Webhook-Resource] => order
                            [X-WC-Webhook-Event] => updated
                            [X-WC-Webhook-Signature] => tmHY1xwN/Jx3gwNTJIBV7CcURMGqDZnaVTXekC4Nz40=
                            [X-WC-Webhook-ID] => 2
                            [X-WC-Webhook-Delivery-ID] => 714356de31fbe55ce8808ab3179002ab
                        )

                )

            [Body] => Webhook body is not logged unless WP_DEBUG mode is turned on. This is to avoid the storing of personal data in the logs.
            [Response] => Array
                (
                    [Code] => 200
                    [Message] => OK
                    [Headers] => WpOrg\Requests\Utility\CaseInsensitiveDictionary Object
                        (
                            [data:protected] => Array
                                (
                                    [server] => nginx/1.18.0
                                    [date] => Thu, 29 Jan 2026 01:20:24 GMT
                                    [content-type] => application/json; charset=utf-8
                                    [content-length] => 16
                                    [access-control-allow-credentials] => true
                                    [access-control-allow-origin] => *
                                    [access-control-expose-headers] => 
                                    [cache-control] => max-age=0, private, must-revalidate
                                    [x-request-id] => GI8O9QY-l1tXpBcIXHVB
                                    [x-frame-options] => SAMEORIGIN
                                )

                        )

                    [Body] => Webhook body is not logged unless WP_DEBUG mode is turned on. This is to avoid the storing of personal data in the logs.
                )

        )

)
2026-01-29T01:20:35+00:00 INFO Array
(
    [Webhook Delivery] => Array
        (
            [Delivery ID] => 2abd88177fbd924a80a30dcdfac3dbf7
            [Date] => Th1 29, 2026 @ 1:20
            [URL] => https://pos.pages.fm/api/v1/woocommerce/update
            [Duration] => 10.54372
            [Request] => Array
                (
                    [Method] => POST
                    [Headers] => Array
                        (
                            [User-Agent] => WooCommerce/10.0.5 Hookshot (WordPress/6.9)
                            [Content-Type] => application/json
                            [X-WC-Webhook-Source] => https://givehada.cloud/
                            [X-WC-Webhook-Topic] => order.updated
                            [X-WC-Webhook-Resource] => order
                            [X-WC-Webhook-Event] => updated
                            [X-WC-Webhook-Signature] => F9vJ3kVVGQBklax9HB7rLsxY6dnIwM6MVD46//a3OPc=
                            [X-WC-Webhook-ID] => 2
                            [X-WC-Webhook-Delivery-ID] => 2abd88177fbd924a80a30dcdfac3dbf7
                        )

                )

            [Body] => Webhook body is not logged unless WP_DEBUG mode is turned on. This is to avoid the storing of personal data in the logs.
            [Response] => Array
                (
                    [Code] => 200
                    [Message] => OK
                    [Headers] => WpOrg\Requests\Utility\CaseInsensitiveDictionary Object
                        (
                            [data:protected] => Array
                                (
                                    [server] => nginx/1.18.0
                                    [date] => Thu, 29 Jan 2026 01:20:35 GMT
                                    [content-type] => application/json; charset=utf-8
                                    [content-length] => 16
                                    [access-control-allow-credentials] => true
                                    [access-control-allow-origin] => *
                                    [access-control-expose-headers] => 
                                    [cache-control] => max-age=0, private, must-revalidate
                                    [x-request-id] => GI8O94-1-q5V_HQDRUkD
                                    [x-frame-options] => SAMEORIGIN
                                )

                        )

                    [Body] => Webhook body is not logged unless WP_DEBUG mode is turned on. This is to avoid the storing of personal data in the logs.
                )

        )

)
2026-01-29T01:21:28+00:00 INFO Array
(
    [Webhook Delivery] => Array
        (
            [Delivery ID] => 2eb20cb2b506adefac7a9e0cd8702dfa
            [Date] => Th1 29, 2026 @ 1:21
            [URL] => https://pos.pages.fm/api/v1/woocommerce/update
            [Duration] => 2.72412
            [Request] => Array
                (
                    [Method] => POST
                    [Headers] => Array
                        (
                            [User-Agent] => WooCommerce/10.0.5 Hookshot (WordPress/6.9)
                            [Content-Type] => application/json
                            [X-WC-Webhook-Source] => https://givehada.cloud/
                            [X-WC-Webhook-Topic] => order.updated
                            [X-WC-Webhook-Resource] => order
                            [X-WC-Webhook-Event] => updated
                            [X-WC-Webhook-Signature] => pIxD1N/THrkb9jsPkR4uoBfEY/4JgS8mdkmkdphChVA=
                            [X-WC-Webhook-ID] => 2
                            [X-WC-Webhook-Delivery-ID] => 2eb20cb2b506adefac7a9e0cd8702dfa
                        )

                )

            [Body] => Webhook body is not logged unless WP_DEBUG mode is turned on. This is to avoid the storing of personal data in the logs.
            [Response] => Array
                (
                    [Code] => 200
                    [Message] => OK
                    [Headers] => WpOrg\Requests\Utility\CaseInsensitiveDictionary Object
                        (
                            [data:protected] => Array
                                (
                                    [server] => nginx/1.18.0
                                    [date] => Thu, 29 Jan 2026 01:21:27 GMT
                                    [content-type] => application/json; charset=utf-8
                                    [content-length] => 16
                                    [access-control-allow-credentials] => true
                                    [access-control-allow-origin] => *
                                    [access-control-expose-headers] => 
                                    [cache-control] => max-age=0, private, must-revalidate
                                    [x-request-id] => GI8PA-VWBgzNXpoHQpBD
                                    [x-frame-options] => SAMEORIGIN
                                )

                        )

                    [Body] => Webhook body is not logged unless WP_DEBUG mode is turned on. This is to avoid the storing of personal data in the logs.
                )

        )

)
2026-01-29T01:21:29+00:00 INFO Array
(
    [Webhook Delivery] => Array
        (
            [Delivery ID] => b8588d38ec5ee06daed2eab036cf9499
            [Date] => Th1 29, 2026 @ 1:21
            [URL] => https://pos.pages.fm/api/v1/woocommerce/update
            [Duration] => 1.07946
            [Request] => Array
                (
                    [Method] => POST
                    [Headers] => Array
                        (
                            [User-Agent] => WooCommerce/10.0.5 Hookshot (WordPress/6.9)
                            [Content-Type] => application/json
                            [X-WC-Webhook-Source] => https://givehada.cloud/
                            [X-WC-Webhook-Topic] => order.updated
                            [X-WC-Webhook-Resource] => order
                            [X-WC-Webhook-Event] => updated
                            [X-WC-Webhook-Signature] => zKLHuhliHNSC0k+sFOvKXKYiRD22p2CnTzm1h9StZws=
                            [X-WC-Webhook-ID] => 2
                            [X-WC-Webhook-Delivery-ID] => b8588d38ec5ee06daed2eab036cf9499
                        )

                )

            [Body] => Webhook body is not logged unless WP_DEBUG mode is turned on. This is to avoid the storing of personal data in the logs.
            [Response] => Array
                (
                    [Code] => 200
                    [Message] => OK
                    [Headers] => WpOrg\Requests\Utility\CaseInsensitiveDictionary Object
                        (
                            [data:protected] => Array
                                (
                                    [server] => nginx/1.18.0
                                    [date] => Thu, 29 Jan 2026 01:21:29 GMT
                                    [content-type] => application/json; charset=utf-8
                                    [content-length] => 16
                                    [access-control-allow-credentials] => true
                                    [access-control-allow-origin] => *
                                    [access-control-expose-headers] => 
                                    [cache-control] => max-age=0, private, must-revalidate
                                    [x-request-id] => GI8PBC61cEu4-lQHCy4F
                                    [x-frame-options] => SAMEORIGIN
                                )

                        )

                    [Body] => Webhook body is not logged unless WP_DEBUG mode is turned on. This is to avoid the storing of personal data in the logs.
                )

        )

)
2026-01-29T01:21:39+00:00 INFO Array
(
    [Webhook Delivery] => Array
        (
            [Delivery ID] => b8588d38ec5ee06daed2eab036cf9499
            [Date] => Th1 29, 2026 @ 1:21
            [URL] => https://pos.pages.fm/api/v1/woocommerce/update
            [Duration] => 10.44059
            [Request] => Array
                (
                    [Method] => POST
                    [Headers] => Array
                        (
                            [User-Agent] => WooCommerce/10.0.5 Hookshot (WordPress/6.9)
                            [Content-Type] => application/json
                            [X-WC-Webhook-Source] => https://givehada.cloud/
                            [X-WC-Webhook-Topic] => order.updated
                            [X-WC-Webhook-Resource] => order
                            [X-WC-Webhook-Event] => updated
                            [X-WC-Webhook-Signature] => rqns6GaxkaFpXrubEe4gXciy1sSZG41TPmPoom/ODlc=
                            [X-WC-Webhook-ID] => 2
                            [X-WC-Webhook-Delivery-ID] => b8588d38ec5ee06daed2eab036cf9499
                        )

                )

            [Body] => Webhook body is not logged unless WP_DEBUG mode is turned on. This is to avoid the storing of personal data in the logs.
            [Response] => Array
                (
                    [Code] => 200
                    [Message] => OK
                    [Headers] => WpOrg\Requests\Utility\CaseInsensitiveDictionary Object
                        (
                            [data:protected] => Array
                                (
                                    [server] => nginx/1.18.0
                                    [date] => Thu, 29 Jan 2026 01:21:39 GMT
                                    [content-type] => application/json; charset=utf-8
                                    [content-length] => 16
                                    [access-control-allow-credentials] => true
                                    [access-control-allow-origin] => *
                                    [access-control-expose-headers] => 
                                    [cache-control] => max-age=0, private, must-revalidate
                                    [x-request-id] => GI8PBqDJfOs_CyYHGjrE
                                    [x-frame-options] => SAMEORIGIN
                                )

                        )

                    [Body] => Webhook body is not logged unless WP_DEBUG mode is turned on. This is to avoid the storing of personal data in the logs.
                )

        )

)
2026-01-29T01:22:09+00:00 INFO Array
(
    [Webhook Delivery] => Array
        (
            [Delivery ID] => 79692f7d33216af952414e1f62991b5b
            [Date] => Th1 29, 2026 @ 1:22
            [URL] => https://pos.pages.fm/api/v1/woocommerce/update
            [Duration] => 0.69531
            [Request] => Array
                (
                    [Method] => POST
                    [Headers] => Array
                        (
                            [User-Agent] => WooCommerce/10.0.5 Hookshot (WordPress/6.9)
                            [Content-Type] => application/json
                            [X-WC-Webhook-Source] => https://givehada.cloud/
                            [X-WC-Webhook-Topic] => order.updated
                            [X-WC-Webhook-Resource] => order
                            [X-WC-Webhook-Event] => updated
                            [X-WC-Webhook-Signature] => vGczx5GGJ7p2MeJJN7zZnlpUdZw1MrKgtdJ5Z2U4qNM=
                            [X-WC-Webhook-ID] => 2
                            [X-WC-Webhook-Delivery-ID] => 79692f7d33216af952414e1f62991b5b
                        )

                )

            [Body] => Webhook body is not logged unless WP_DEBUG mode is turned on. This is to avoid the storing of personal data in the logs.
            [Response] => Array
                (
                    [Code] => 200
                    [Message] => OK
                    [Headers] => WpOrg\Requests\Utility\CaseInsensitiveDictionary Object
                        (
                            [data:protected] => Array
                                (
                                    [server] => nginx/1.18.0
                                    [date] => Thu, 29 Jan 2026 01:22:09 GMT
                                    [content-type] => application/json; charset=utf-8
                                    [content-length] => 16
                                    [access-control-allow-credentials] => true
                                    [access-control-allow-origin] => *
                                    [access-control-expose-headers] => 
                                    [cache-control] => max-age=0, private, must-revalidate
                                    [x-request-id] => GI8PDX_EWNaQrisG5rvG
                                    [x-frame-options] => SAMEORIGIN
                                )

                        )

                    [Body] => Webhook body is not logged unless WP_DEBUG mode is turned on. This is to avoid the storing of personal data in the logs.
                )

        )

)
2026-01-29T01:23:03+00:00 INFO Array
(
    [Webhook Delivery] => Array
        (
            [Delivery ID] => 3d9d066da736e8d0331afb6fd2b03e96
            [Date] => Th1 29, 2026 @ 1:23
            [URL] => https://pos.pages.fm/api/v1/woocommerce/update
            [Duration] => 17.54432
            [Request] => Array
                (
                    [Method] => POST
                    [Headers] => Array
                        (
                            [User-Agent] => WooCommerce/10.0.5 Hookshot (WordPress/6.9)
                            [Content-Type] => application/json
                            [X-WC-Webhook-Source] => https://givehada.cloud/
                            [X-WC-Webhook-Topic] => order.updated
                            [X-WC-Webhook-Resource] => order
                            [X-WC-Webhook-Event] => updated
                            [X-WC-Webhook-Signature] => hZ463wAeO0gJcRLgscWUQfv1jdWed4Q75ICockIdjlo=
                            [X-WC-Webhook-ID] => 2
                            [X-WC-Webhook-Delivery-ID] => 3d9d066da736e8d0331afb6fd2b03e96
                        )

                )

            [Body] => Webhook body is not logged unless WP_DEBUG mode is turned on. This is to avoid the storing of personal data in the logs.
            [Response] => Array
                (
                    [Code] => http_request_failed
                    [Message] => cURL error 28: Resolving timed out after 10001 milliseconds
                    [Headers] => Array
                        (
                        )

                    [Body] => Webhook body is not logged unless WP_DEBUG mode is turned on. This is to avoid the storing of personal data in the logs.
                )

        )

)
2026-01-29T01:23:19+00:00 INFO Array
(
    [Webhook Delivery] => Array
        (
            [Delivery ID] => 24910d09c5d89ccd10e4bac7e0fdc26d
            [Date] => Th1 29, 2026 @ 1:23
            [URL] => https://pos.pages.fm/api/v1/woocommerce/update
            [Duration] => 4.28117
            [Request] => Array
                (
                    [Method] => POST
                    [Headers] => Array
                        (
                            [User-Agent] => WooCommerce/10.0.5 Hookshot (WordPress/6.9)
                            [Content-Type] => application/json
                            [X-WC-Webhook-Source] => https://givehada.cloud/
                            [X-WC-Webhook-Topic] => order.updated
                            [X-WC-Webhook-Resource] => order
                            [X-WC-Webhook-Event] => updated
                            [X-WC-Webhook-Signature] => Z7DzqMUkHXTGR5HzJF7FmctU4ilyAK76QqptpOIdmm4=
                            [X-WC-Webhook-ID] => 2
                            [X-WC-Webhook-Delivery-ID] => 24910d09c5d89ccd10e4bac7e0fdc26d
                        )

                )

            [Body] => Webhook body is not logged unless WP_DEBUG mode is turned on. This is to avoid the storing of personal data in the logs.
            [Response] => Array
                (
                    [Code] => 200
                    [Message] => OK
                    [Headers] => WpOrg\Requests\Utility\CaseInsensitiveDictionary Object
                        (
                            [data:protected] => Array
                                (
                                    [server] => nginx/1.18.0
                                    [date] => Thu, 29 Jan 2026 01:23:19 GMT
                                    [content-type] => application/json; charset=utf-8
                                    [content-length] => 16
                                    [access-control-allow-credentials] => true
                                    [access-control-allow-origin] => *
                                    [access-control-expose-headers] => 
                                    [cache-control] => max-age=0, private, must-revalidate
                                    [x-request-id] => GI8PHcnJI-Ph2BMHfGeE
                                    [x-frame-options] => SAMEORIGIN
                                )

                        )

                    [Body] => Webhook body is not logged unless WP_DEBUG mode is turned on. This is to avoid the storing of personal data in the logs.
                )

        )

)
2026-01-29T01:23:36+00:00 INFO Array
(
    [Webhook Delivery] => Array
        (
            [Delivery ID] => 823122a0b96dd12504a27351eca46e9a
            [Date] => Th1 29, 2026 @ 1:23
            [URL] => https://pos.pages.fm/api/v1/woocommerce/update
            [Duration] => 16.2412
            [Request] => Array
                (
                    [Method] => POST
                    [Headers] => Array
                        (
                            [User-Agent] => WooCommerce/10.0.5 Hookshot (WordPress/6.9)
                            [Content-Type] => application/json
                            [X-WC-Webhook-Source] => https://givehada.cloud/
                            [X-WC-Webhook-Topic] => order.updated
                            [X-WC-Webhook-Resource] => order
                            [X-WC-Webhook-Event] => updated
                            [X-WC-Webhook-Signature] => JBUyVj5k//L7B/tB3DTl6STPnsgHh44YhcUEGzC9P1g=
                            [X-WC-Webhook-ID] => 2
                            [X-WC-Webhook-Delivery-ID] => 823122a0b96dd12504a27351eca46e9a
                        )

                )

            [Body] => Webhook body is not logged unless WP_DEBUG mode is turned on. This is to avoid the storing of personal data in the logs.
            [Response] => Array
                (
                    [Code] => http_request_failed
                    [Message] => cURL error 28: Resolving timed out after 10005 milliseconds
                    [Headers] => Array
                        (
                        )

                    [Body] => Webhook body is not logged unless WP_DEBUG mode is turned on. This is to avoid the storing of personal data in the logs.
                )

        )

)
2026-01-29T01:23:44+00:00 INFO Array
(
    [Webhook Delivery] => Array
        (
            [Delivery ID] => 38b03eefe4f8894c02dc1c4aa5be5d21
            [Date] => Th1 29, 2026 @ 1:23
            [URL] => https://pos.pages.fm/api/v1/woocommerce/update
            [Duration] => 6.28312
            [Request] => Array
                (
                    [Method] => POST
                    [Headers] => Array
                        (
                            [User-Agent] => WooCommerce/10.0.5 Hookshot (WordPress/6.9)
                            [Content-Type] => application/json
                            [X-WC-Webhook-Source] => https://givehada.cloud/
                            [X-WC-Webhook-Topic] => order.updated
                            [X-WC-Webhook-Resource] => order
                            [X-WC-Webhook-Event] => updated
                            [X-WC-Webhook-Signature] => vUKt9t6Fsw+TMX50ZLU0W8lItsl37A2LTzS4LXQe9vg=
                            [X-WC-Webhook-ID] => 2
                            [X-WC-Webhook-Delivery-ID] => 38b03eefe4f8894c02dc1c4aa5be5d21
                        )

                )

            [Body] => Webhook body is not logged unless WP_DEBUG mode is turned on. This is to avoid the storing of personal data in the logs.
            [Response] => Array
                (
                    [Code] => 200
                    [Message] => OK
                    [Headers] => WpOrg\Requests\Utility\CaseInsensitiveDictionary Object
                        (
                            [data:protected] => Array
                                (
                                    [server] => nginx/1.18.0
                                    [date] => Thu, 29 Jan 2026 01:23:44 GMT
                                    [content-type] => application/json; charset=utf-8
                                    [content-length] => 16
                                    [access-control-allow-credentials] => true
                                    [access-control-allow-origin] => *
                                    [access-control-expose-headers] => 
                                    [cache-control] => max-age=0, private, must-revalidate
                                    [x-request-id] => GI8PI7ZUAYX5qdEHruaC
                                    [x-frame-options] => SAMEORIGIN
                                )

                        )

                    [Body] => Webhook body is not logged unless WP_DEBUG mode is turned on. This is to avoid the storing of personal data in the logs.
                )

        )

)
2026-01-29T01:24:00+00:00 INFO Array
(
    [Webhook Delivery] => Array
        (
            [Delivery ID] => 1967efa9739f33cac6e10e0b6feddf13
            [Date] => Th1 29, 2026 @ 1:24
            [URL] => https://pos.pages.fm/api/v1/woocommerce/update
            [Duration] => 15.36713
            [Request] => Array
                (
                    [Method] => POST
                    [Headers] => Array
                        (
                            [User-Agent] => WooCommerce/10.0.5 Hookshot (WordPress/6.9)
                            [Content-Type] => application/json
                            [X-WC-Webhook-Source] => https://givehada.cloud/
                            [X-WC-Webhook-Topic] => order.updated
                            [X-WC-Webhook-Resource] => order
                            [X-WC-Webhook-Event] => updated
                            [X-WC-Webhook-Signature] => QqupQXdfIm2RMgi3DNDNcuE4/SDAlqSmh6YB6+8Ogr4=
                            [X-WC-Webhook-ID] => 2
                            [X-WC-Webhook-Delivery-ID] => 1967efa9739f33cac6e10e0b6feddf13
                        )

                )

            [Body] => Webhook body is not logged unless WP_DEBUG mode is turned on. This is to avoid the storing of personal data in the logs.
            [Response] => Array
                (
                    [Code] => http_request_failed
                    [Message] => cURL error 28: Resolving timed out after 10001 milliseconds
                    [Headers] => Array
                        (
                        )

                    [Body] => Webhook body is not logged unless WP_DEBUG mode is turned on. This is to avoid the storing of personal data in the logs.
                )

        )

)
2026-01-29T01:28:49+00:00 INFO Array
(
    [Webhook Delivery] => Array
        (
            [Delivery ID] => 3528fa7d84cbdb4e25cd855dd55eb02b
            [Date] => Th1 29, 2026 @ 1:28
            [URL] => https://pos.pages.fm/api/v1/woocommerce/update
            [Duration] => 1.05528
            [Request] => Array
                (
                    [Method] => POST
                    [Headers] => Array
                        (
                            [User-Agent] => WooCommerce/10.0.5 Hookshot (WordPress/6.9)
                            [Content-Type] => application/json
                            [X-WC-Webhook-Source] => https://givehada.cloud/
                            [X-WC-Webhook-Topic] => order.updated
                            [X-WC-Webhook-Resource] => order
                            [X-WC-Webhook-Event] => updated
                            [X-WC-Webhook-Signature] => Vqd/iJqi8REYJwcw+DaHf0DYTf/Jhc7Z7WbgvwmllDc=
                            [X-WC-Webhook-ID] => 2
                            [X-WC-Webhook-Delivery-ID] => 3528fa7d84cbdb4e25cd855dd55eb02b
                        )

                )

            [Body] => Webhook body is not logged unless WP_DEBUG mode is turned on. This is to avoid the storing of personal data in the logs.
            [Response] => Array
                (
                    [Code] => 200
                    [Message] => OK
                    [Headers] => WpOrg\Requests\Utility\CaseInsensitiveDictionary Object
                        (
                            [data:protected] => Array
                                (
                                    [server] => nginx/1.18.0
                                    [date] => Thu, 29 Jan 2026 01:28:49 GMT
                                    [content-type] => application/json; charset=utf-8
                                    [content-length] => 16
                                    [access-control-allow-credentials] => true
                                    [access-control-allow-origin] => *
                                    [access-control-expose-headers] => 
                                    [cache-control] => max-age=0, private, must-revalidate
                                    [x-request-id] => GI8ParLfDxm8XRAHXkTE
                                    [x-frame-options] => SAMEORIGIN
                                )

                        )

                    [Body] => Webhook body is not logged unless WP_DEBUG mode is turned on. This is to avoid the storing of personal data in the logs.
                )

        )

)
2026-01-29T01:31:51+00:00 INFO Array
(
    [Webhook Delivery] => Array
        (
            [Delivery ID] => 9ceff147ac9a0e8bf9ee17c83409b3da
            [Date] => Th1 29, 2026 @ 1:31
            [URL] => https://pos.pages.fm/api/v1/woocommerce/update
            [Duration] => 0.89801
            [Request] => Array
                (
                    [Method] => POST
                    [Headers] => Array
                        (
                            [User-Agent] => WooCommerce/10.0.5 Hookshot (WordPress/6.9)
                            [Content-Type] => application/json
                            [X-WC-Webhook-Source] => https://givehada.cloud/
                            [X-WC-Webhook-Topic] => order.updated
                            [X-WC-Webhook-Resource] => order
                            [X-WC-Webhook-Event] => updated
                            [X-WC-Webhook-Signature] => hrrkBhX9cz4viOLy3wDRzhxXvjqj5Y2FxHrYCXx/QEc=
                            [X-WC-Webhook-ID] => 2
                            [X-WC-Webhook-Delivery-ID] => 9ceff147ac9a0e8bf9ee17c83409b3da
                        )

                )

            [Body] => Webhook body is not logged unless WP_DEBUG mode is turned on. This is to avoid the storing of personal data in the logs.
            [Response] => Array
                (
                    [Code] => 200
                    [Message] => OK
                    [Headers] => WpOrg\Requests\Utility\CaseInsensitiveDictionary Object
                        (
                            [data:protected] => Array
                                (
                                    [server] => nginx/1.18.0
                                    [date] => Thu, 29 Jan 2026 01:31:51 GMT
                                    [content-type] => application/json; charset=utf-8
                                    [content-length] => 16
                                    [access-control-allow-credentials] => true
                                    [access-control-allow-origin] => *
                                    [access-control-expose-headers] => 
                                    [cache-control] => max-age=0, private, must-revalidate
                                    [x-request-id] => GI8PlSz5kTQXW7cHJAnE
                                    [x-frame-options] => SAMEORIGIN
                                )

                        )

                    [Body] => Webhook body is not logged unless WP_DEBUG mode is turned on. This is to avoid the storing of personal data in the logs.
                )

        )

)
